#
# An unexpected error has occurred (11)
#
Stack:
/tools/Xilinx/Vivado/2020.1/tps/lnx64/jre9.0.4/lib//server/libjvm.so(+0xb6aadb) [0x7fc67de39adb]
/tools/Xilinx/Vivado/2020.1/tps/lnx64/jre9.0.4/lib//server/libjvm.so(JVM_handle_linux_signal+0xbb) [0x7fc67de3ee1b]
/tools/Xilinx/Vivado/2020.1/tps/lnx64/jre9.0.4/lib//server/libjvm.so(+0xb647b8) [0x7fc67de337b8]
/lib/x86_64-linux-gnu/libc.so.6(+0x46210) [0x7fc6cd8d1210]
/tools/Xilinx/Vivado/2020.1/lib/lnx64.o/librdi_simbridge_kernel.so(SimBridge::CArray::empty() const+0) [0x7fc684627a00]
/tools/Xilinx/Vivado/2020.1/lib/lnx64.o/librdi_simbridge_kernel.so(SimBridge::WdbEventBlock::addBlock(SimBridge::WdbIBlockManager&, unsigned int&) const+0x1c) [0x7fc6846280dc]
/tools/Xilinx/Vivado/2020.1/lib/lnx64.o/librdi_simbridge_kernel.so(SimBridge::WdbMultipleBucketEventDatabase::getEventBlockDatabaseIterator(std::vector<SimBridge::WdbScalarBTree*, std::allocator<SimBridge::WdbScalarBTree*> > const&, std::vector<boost::shared_ptr<SimBridge::WdbIEventBlockIterator>, std::allocator<boost::shared_ptr<SimBridge::WdbIEventBlockIterator> > >&, std::vector<std::vector<SimBridge::WdbScalarBTree*, std::allocator<SimBridge::WdbScalarBTree*> >, std::allocator<std::vector<SimBridge::WdbScalarBTree*, std::allocator<SimBridge::WdbScalarBTree*> > > >&) const+0x691) [0x7fc684642071]
/tools/Xilinx/Vivado/2020.1/lib/lnx64.o/librdi_simbridge_kernel.so(SimBridge::WdbAddressBTreeManager::scanWdbDatabaseMultiThread(std::vector<SimBridge::WdbScalarBTree*, std::allocator<SimBridge::WdbScalarBTree*> > const&, ISIM::IGuiStatus*)+0xf0) [0x7fc68461eee0]
/tools/Xilinx/Vivado/2020.1/lib/lnx64.o/librdi_wavedata.so(SimBridge::DataObjMgr::createDrawingBTree(std::vector<SimBridge::IDataObj const*, std::allocator<SimBridge::IDataObj const*> > const&, ISIM::IGuiStatus*, bool)+0x32a) [0x7fc68e2fe83a]
/tools/Xilinx/Vivado/2020.1/lib/lnx64.o/librdi_wavedata.so(+0x2d9ee2) [0x7fc68e3b8ee2]
/tools/Xilinx/Vivado/2020.1/lib/lnx64.o/librdi_wavedata.so(+0x2da18c) [0x7fc68e3b918c]
/tools/Xilinx/Vivado/2020.1/lib/lnx64.o/librdi_wavedata.so(SG_Model::ModelImp::updateData(SG_Model::WVDataObject*, bool)+0x30f) [0x7fc68e3b313f]
/tools/Xilinx/Vivado/2020.1/lib/lnx64.o/librdi_wavedata.so(SG_Model::ModelImp::updateData(SG_Model::WVDataObject*, bool)+0x18f) [0x7fc68e3b2fbf]
/tools/Xilinx/Vivado/2020.1/lib/lnx64.o/librdi_wavedata.so(SG_Model::ModelImp::updateData()+0x96b) [0x7fc68e3b3e2b]
/tools/Xilinx/Vivado/2020.1/lib/lnx64.o/librdi_wavedata.so(SG_Model::Model::read(std::__cxx11::basic_string<char, std::char_traits<char>, std::allocator<char> > const&, SG_Model::IReporter&, ISIM::IGuiStatus*)+0x20d) [0x7fc68e3b55bd]
/tools/Xilinx/Vivado/2020.1/lib/lnx64.o/librdi_wavedata.so(WVDAppInterface::WVDWindowManager::openWcfg(std::__cxx11::basic_string<char, std::char_traits<char>, std::allocator<char> > const&, SG_Model::IDesignManager::ConnectMode, ISIM::IGuiStatus*)+0x143) [0x7fc68e2820b3]
/tools/Xilinx/Vivado/2020.1/lib/lnx64.o/librdi_wavedatatasks.so(+0xa2ad3) [0x7fc6333dead3]
/tools/Xilinx/Vivado/2020.1/lib/lnx64.o/librdi_common.so(+0x9627f2) [0x7fc6ceba67f2]
/tools/Xilinx/Vivado/2020.1/lib/lnx64.o/libtcl8.5.so(+0x334af) [0x7fc6c90404af]
/tools/Xilinx/Vivado/2020.1/lib/lnx64.o/libtcl8.5.so(Tcl_EvalObjv+0x32) [0x7fc6c90405e2]
/tools/Xilinx/Vivado/2020.1/lib/lnx64.o/libtcl8.5.so(TclEvalObjEx+0x322) [0x7fc6c9042402]
/tools/Xilinx/Vivado/2020.1/lib/lnx64.o/librdi_common.so(hdi::tcltasks::task_manager::eval_in_tcl(Tcl_Interp*, Tcl_Obj*, char const*, bool)+0xa99) [0x7fc6ceba8609]
/tools/Xilinx/Vivado/2020.1/lib/lnx64.o/librdi_simtcltasks.so(+0x13b046) [0x7fc63383d046]
/tools/Xilinx/Vivado/2020.1/lib/lnx64.o/librdi_common.so(+0x9627f2) [0x7fc6ceba67f2]
/tools/Xilinx/Vivado/2020.1/lib/lnx64.o/libtcl8.5.so(+0x334af) [0x7fc6c90404af]
/tools/Xilinx/Vivado/2020.1/lib/lnx64.o/libtcl8.5.so(+0x34b38) [0x7fc6c9041b38]
/tools/Xilinx/Vivado/2020.1/lib/lnx64.o/libtcl8.5.so(Tcl_EvalEx+0x13) [0x7fc6c90420a3]
/tools/Xilinx/Vivado/2020.1/lib/lnx64.o/libtcl8.5.so(TclEvalObjEx+0x1e0) [0x7fc6c90422c0]
/tools/Xilinx/Vivado/2020.1/lib/lnx64.o/libtcl8.5.so(+0x3b375) [0x7fc6c9048375]
/tools/Xilinx/Vivado/2020.1/lib/lnx64.o/libtcl8.5.so(+0x334af) [0x7fc6c90404af]
/tools/Xilinx/Vivado/2020.1/lib/lnx64.o/libtcl8.5.so(+0x76875) [0x7fc6c9083875]
/tools/Xilinx/Vivado/2020.1/lib/lnx64.o/libtcl8.5.so(+0x7e029) [0x7fc6c908b029]
/tools/Xilinx/Vivado/2020.1/lib/lnx64.o/libtcl8.5.so(TclEvalObjEx+0x76) [0x7fc6c9042156]
/tools/Xilinx/Vivado/2020.1/lib/lnx64.o/librdi_commontasks.so(+0x1db7c4) [0x7fc6c3b8f7c4]
/tools/Xilinx/Vivado/2020.1/lib/lnx64.o/libtcl8.5.so(+0x334af) [0x7fc6c90404af]
/tools/Xilinx/Vivado/2020.1/lib/lnx64.o/libtcl8.5.so(+0x76875) [0x7fc6c9083875]
/tools/Xilinx/Vivado/2020.1/lib/lnx64.o/libtcl8.5.so(TclObjInterpProcCore+0x420) [0x7fc6c90c4df0]
/tools/Xilinx/Vivado/2020.1/lib/lnx64.o/libtcl8.5.so(+0x334af) [0x7fc6c90404af]
/tools/Xilinx/Vivado/2020.1/lib/lnx64.o/libtcl8.5.so(Tcl_EvalObjv+0x32) [0x7fc6c90405e2]
/tools/Xilinx/Vivado/2020.1/lib/lnx64.o/libtcl8.5.so(TclEvalObjEx+0x322) [0x7fc6c9042402]
/tools/Xilinx/Vivado/2020.1/lib/lnx64.o/librdi_tcltasks.so(SimUtils::detail::execStep(Tcl_Interp*, std::__cxx11::basic_ostringstream<char, std::char_traits<char>, std::allocator<char> >&, std::__cxx11::basic_string<char, std::char_traits<char>, std::allocator<char> > const&, std::__cxx11::basic_string<char, std::char_traits<char>, std::allocator<char> > const&, std::__cxx11::basic_string<char, std::char_traits<char>, std::allocator<char> >&, bool&)+0x1fe) [0x7fc6c1975f6e]
/tools/Xilinx/Vivado/2020.1/lib/lnx64.o/librdi_tcltasks.so(SimUtils::detail::execSimStep(Tcl_Interp*, std::__cxx11::basic_ostringstream<char, std::char_traits<char>, std::allocator<char> >&, HAPUFSimulator*, HAPUFSimulator::TclProc, std::__cxx11::basic_string<char, std::char_traits<char>, std::allocator<char> > const&, bool, HADAFileSet*, std::__cxx11::basic_string<char, std::char_traits<char>, std::allocator<char> > const&, HAPUFSimulator::SimulationStep, bool, HDGUIStatus*)+0x75) [0x7fc6c1976285]
/tools/Xilinx/Vivado/2020.1/lib/lnx64.o/librdi_tcltasks.so(HTCSimUtils::executeStep(Tcl_Interp*, HADAFileSet*, HADAFileSet*, HAPUFSimulator*, HDGUIStatus*, std::__cxx11::basic_string<char, std::char_traits<char>, std::allocator<char> > const&, std::__cxx11::basic_string<char, std::char_traits<char>, std::allocator<char> > const&, std::__cxx11::basic_string<char, std::char_traits<char>, std::allocator<char> > const&, bool, bool, bool, std::__cxx11::basic_ostringstream<char, std::char_traits<char>, std::allocator<char> >&)+0x4b7) [0x7fc6c19768e7]
/tools/Xilinx/Vivado/2020.1/lib/lnx64.o/librdi_tcltasks.so(+0x1811563) [0x7fc6c191e563]
/tools/Xilinx/Vivado/2020.1/lib/lnx64.o/librdi_common.so(+0x9627f2) [0x7fc6ceba67f2]
/tools/Xilinx/Vivado/2020.1/lib/lnx64.o/libtcl8.5.so(+0x334af) [0x7fc6c90404af]
/tools/Xilinx/Vivado/2020.1/lib/lnx64.o/libtcl8.5.so(+0x76875) [0x7fc6c9083875]
/tools/Xilinx/Vivado/2020.1/lib/lnx64.o/libtcl8.5.so(+0x7e029) [0x7fc6c908b029]
/tools/Xilinx/Vivado/2020.1/lib/lnx64.o/libtcl8.5.so(TclEvalObjEx+0x76) [0x7fc6c9042156]
/tools/Xilinx/Vivado/2020.1/lib/lnx64.o/librdi_common.so(+0x960d01) [0x7fc6ceba4d01]
/tools/Xilinx/Vivado/2020.1/lib/lnx64.o/libtcl8.5.so(Tcl_ServiceEvent+0x7f) [0x7fc6c90b4b0f]
/tools/Xilinx/Vivado/2020.1/lib/lnx64.o/libtcl8.5.so(Tcl_DoOneEvent+0x154) [0x7fc6c90b4e44]
/tools/Xilinx/Vivado/2020.1/lib/lnx64.o/librdi_commontasks.so(+0x23c7e5) [0x7fc6c3bf07e5]
/tools/Xilinx/Vivado/2020.1/lib/lnx64.o/librdi_commontasks.so(+0x23f8f1) [0x7fc6c3bf38f1]
/tools/Xilinx/Vivado/2020.1/lib/lnx64.o/librdi_commontasks.so(+0x24093e) [0x7fc6c3bf493e]
/tools/Xilinx/Vivado/2020.1/lib/lnx64.o/librdi_common.so(+0x9627f2) [0x7fc6ceba67f2]
/tools/Xilinx/Vivado/2020.1/lib/lnx64.o/libtcl8.5.so(+0x334af) [0x7fc6c90404af]
/tools/Xilinx/Vivado/2020.1/lib/lnx64.o/libtcl8.5.so(+0x76875) [0x7fc6c9083875]
/tools/Xilinx/Vivado/2020.1/lib/lnx64.o/libtcl8.5.so(+0x7e029) [0x7fc6c908b029]
/tools/Xilinx/Vivado/2020.1/lib/lnx64.o/libtcl8.5.so(TclEvalObjEx+0x76) [0x7fc6c9042156]
/tools/Xilinx/Vivado/2020.1/lib/lnx64.o/librdi_commonmain.so(+0xad53) [0x7fc6ce03cd53]
/tools/Xilinx/Vivado/2020.1/lib/lnx64.o/libtcl8.5.so(Tcl_Main+0x1d0) [0x7fc6c90ad210]
/tools/Xilinx/Vivado/2020.1/lib/lnx64.o/librdi_common.so(+0x9a6e6b) [0x7fc6cebeae6b]
/lib/x86_64-linux-gnu/libpthread.so.0(+0x9609) [0x7fc6cd871609]
/lib/x86_64-linux-gnu/libc.so.6(clone+0x43) [0x7fc6cd9ad293]
