Vivado Simulator 2020.1
Time resolution is 1 ps
'{429,-14,7,12,-2,-15,-5,-2}
'{-89,-14,18,20,6,-15,-10,-1}
'{76,-11,8,7,14,0,-6,0}
'{176,31,1,1,11,5,0,0}
'{46,62,-10,-4,8,5,0,1}
'{-77,0,3,0,0,5,-1,0}
'{-58,-43,11,-1,-1,0,0,0}
'{-28,-9,0,-1,0,-1,-1,0}
'{32'bxxxxxxxxxxxxxxxxxxxxxxxxxxxxxxxx,32'bxxxxxxxxxxxxxxxxxxxxxxxxxxxxxxxx,32'bxxxxxxxxxxxxxxxxxxxxxxxxxxxxxxxx,32'bxxxxxxxxxxxxxxxxxxxxxxxxxxxxxxxx,32'bxxxxxxxxxxxxxxxxxxxxxxxxxxxxxxxx,32'bxxxxxxxxxxxxxxxxxxxxxxxxxxxxxxxx,32'bxxxxxxxxxxxxxxxxxxxxxxxxxxxxxxxx,32'bxxxxxxxxxxxxxxxxxxxxxxxxxxxxxxxx}
'{32'bxxxxxxxxxxxxxxxxxxxxxxxxxxxxxxxx,32'bxxxxxxxxxxxxxxxxxxxxxxxxxxxxxxxx,32'bxxxxxxxxxxxxxxxxxxxxxxxxxxxxxxxx,32'bxxxxxxxxxxxxxxxxxxxxxxxxxxxxxxxx,32'bxxxxxxxxxxxxxxxxxxxxxxxxxxxxxxxx,32'bxxxxxxxxxxxxxxxxxxxxxxxxxxxxxxxx,32'bxxxxxxxxxxxxxxxxxxxxxxxxxxxxxxxx,32'bxxxxxxxxxxxxxxxxxxxxxxxxxxxxxxxx}
'{32'bxxxxxxxxxxxxxxxxxxxxxxxxxxxxxxxx,32'bxxxxxxxxxxxxxxxxxxxxxxxxxxxxxxxx,32'bxxxxxxxxxxxxxxxxxxxxxxxxxxxxxxxx,32'bxxxxxxxxxxxxxxxxxxxxxxxxxxxxxxxx,32'bxxxxxxxxxxxxxxxxxxxxxxxxxxxxxxxx,32'bxxxxxxxxxxxxxxxxxxxxxxxxxxxxxxxx,32'bxxxxxxxxxxxxxxxxxxxxxxxxxxxxxxxx,32'bxxxxxxxxxxxxxxxxxxxxxxxxxxxxxxxx}
'{32'bxxxxxxxxxxxxxxxxxxxxxxxxxxxxxxxx,32'bxxxxxxxxxxxxxxxxxxxxxxxxxxxxxxxx,32'bxxxxxxxxxxxxxxxxxxxxxxxxxxxxxxxx,32'bxxxxxxxxxxxxxxxxxxxxxxxxxxxxxxxx,32'bxxxxxxxxxxxxxxxxxxxxxxxxxxxxxxxx,32'bxxxxxxxxxxxxxxxxxxxxxxxxxxxxxxxx,32'bxxxxxxxxxxxxxxxxxxxxxxxxxxxxxxxx,32'bxxxxxxxxxxxxxxxxxxxxxxxxxxxxxxxx}
'{32'bxxxxxxxxxxxxxxxxxxxxxxxxxxxxxxxx,32'bxxxxxxxxxxxxxxxxxxxxxxxxxxxxxxxx,32'bxxxxxxxxxxxxxxxxxxxxxxxxxxxxxxxx,32'bxxxxxxxxxxxxxxxxxxxxxxxxxxxxxxxx,32'bxxxxxxxxxxxxxxxxxxxxxxxxxxxxxxxx,32'bxxxxxxxxxxxxxxxxxxxxxxxxxxxxxxxx,32'bxxxxxxxxxxxxxxxxxxxxxxxxxxxxxxxx,32'bxxxxxxxxxxxxxxxxxxxxxxxxxxxxxxxx}
'{32'bxxxxxxxxxxxxxxxxxxxxxxxxxxxxxxxx,32'bxxxxxxxxxxxxxxxxxxxxxxxxxxxxxxxx,32'bxxxxxxxxxxxxxxxxxxxxxxxxxxxxxxxx,32'bxxxxxxxxxxxxxxxxxxxxxxxxxxxxxxxx,32'bxxxxxxxxxxxxxxxxxxxxxxxxxxxxxxxx,32'bxxxxxxxxxxxxxxxxxxxxxxxxxxxxxxxx,32'bxxxxxxxxxxxxxxxxxxxxxxxxxxxxxxxx,32'bxxxxxxxxxxxxxxxxxxxxxxxxxxxxxxxx}
'{32'bxxxxxxxxxxxxxxxxxxxxxxxxxxxxxxxx,32'bxxxxxxxxxxxxxxxxxxxxxxxxxxxxxxxx,32'bxxxxxxxxxxxxxxxxxxxxxxxxxxxxxxxx,32'bxxxxxxxxxxxxxxxxxxxxxxxxxxxxxxxx,32'bxxxxxxxxxxxxxxxxxxxxxxxxxxxxxxxx,32'bxxxxxxxxxxxxxxxxxxxxxxxxxxxxxxxx,32'bxxxxxxxxxxxxxxxxxxxxxxxxxxxxxxxx,32'bxxxxxxxxxxxxxxxxxxxxxxxxxxxxxxxx}
'{32'bxxxxxxxxxxxxxxxxxxxxxxxxxxxxxxxx,32'bxxxxxxxxxxxxxxxxxxxxxxxxxxxxxxxx,32'bxxxxxxxxxxxxxxxxxxxxxxxxxxxxxxxx,32'bxxxxxxxxxxxxxxxxxxxxxxxxxxxxxxxx,32'bxxxxxxxxxxxxxxxxxxxxxxxxxxxxxxxx,32'bxxxxxxxxxxxxxxxxxxxxxxxxxxxxxxxx,32'bxxxxxxxxxxxxxxxxxxxxxxxxxxxxxxxx,32'bxxxxxxxxxxxxxxxxxxxxxxxxxxxxxxxx}
'{32'bxxxxxxxxxxxxxxxxxxxxxxxxxxxxxxxx,32'bxxxxxxxxxxxxxxxxxxxxxxxxxxxxxxxx,32'bxxxxxxxxxxxxxxxxxxxxxxxxxxxxxxxx,32'bxxxxxxxxxxxxxxxxxxxxxxxxxxxxxxxx,32'bxxxxxxxxxxxxxxxxxxxxxxxxxxxxxxxx,32'bxxxxxxxxxxxxxxxxxxxxxxxxxxxxxxxx,32'bxxxxxxxxxxxxxxxxxxxxxxxxxxxxxxxx,32'bxxxxxxxxxxxxxxxxxxxxxxxxxxxxxxxx}
'{32'bxxxxxxxxxxxxxxxxxxxxxxxxxxxxxxxx,32'bxxxxxxxxxxxxxxxxxxxxxxxxxxxxxxxx,32'bxxxxxxxxxxxxxxxxxxxxxxxxxxxxxxxx,32'bxxxxxxxxxxxxxxxxxxxxxxxxxxxxxxxx,32'bxxxxxxxxxxxxxxxxxxxxxxxxxxxxxxxx,32'bxxxxxxxxxxxxxxxxxxxxxxxxxxxxxxxx,32'bxxxxxxxxxxxxxxxxxxxxxxxxxxxxxxxx,32'bxxxxxxxxxxxxxxxxxxxxxxxxxxxxxxxx}
'{32'bxxxxxxxxxxxxxxxxxxxxxxxxxxxxxxxx,32'bxxxxxxxxxxxxxxxxxxxxxxxxxxxxxxxx,32'bxxxxxxxxxxxxxxxxxxxxxxxxxxxxxxxx,32'bxxxxxxxxxxxxxxxxxxxxxxxxxxxxxxxx,32'bxxxxxxxxxxxxxxxxxxxxxxxxxxxxxxxx,32'bxxxxxxxxxxxxxxxxxxxxxxxxxxxxxxxx,32'bxxxxxxxxxxxxxxxxxxxxxxxxxxxxxxxx,32'bxxxxxxxxxxxxxxxxxxxxxxxxxxxxxxxx}
'{32'bxxxxxxxxxxxxxxxxxxxxxxxxxxxxxxxx,32'bxxxxxxxxxxxxxxxxxxxxxxxxxxxxxxxx,32'bxxxxxxxxxxxxxxxxxxxxxxxxxxxxxxxx,32'bxxxxxxxxxxxxxxxxxxxxxxxxxxxxxxxx,32'bxxxxxxxxxxxxxxxxxxxxxxxxxxxxxxxx,32'bxxxxxxxxxxxxxxxxxxxxxxxxxxxxxxxx,32'bxxxxxxxxxxxxxxxxxxxxxxxxxxxxxxxx,32'bxxxxxxxxxxxxxxxxxxxxxxxxxxxxxxxx}
'{32'bxxxxxxxxxxxxxxxxxxxxxxxxxxxxxxxx,32'bxxxxxxxxxxxxxxxxxxxxxxxxxxxxxxxx,32'bxxxxxxxxxxxxxxxxxxxxxxxxxxxxxxxx,32'bxxxxxxxxxxxxxxxxxxxxxxxxxxxxxxxx,32'bxxxxxxxxxxxxxxxxxxxxxxxxxxxxxxxx,32'bxxxxxxxxxxxxxxxxxxxxxxxxxxxxxxxx,32'bxxxxxxxxxxxxxxxxxxxxxxxxxxxxxxxx,32'bxxxxxxxxxxxxxxxxxxxxxxxxxxxxxxxx}
'{32'bxxxxxxxxxxxxxxxxxxxxxxxxxxxxxxxx,32'bxxxxxxxxxxxxxxxxxxxxxxxxxxxxxxxx,32'bxxxxxxxxxxxxxxxxxxxxxxxxxxxxxxxx,32'bxxxxxxxxxxxxxxxxxxxxxxxxxxxxxxxx,32'bxxxxxxxxxxxxxxxxxxxxxxxxxxxxxxxx,32'bxxxxxxxxxxxxxxxxxxxxxxxxxxxxxxxx,32'bxxxxxxxxxxxxxxxxxxxxxxxxxxxxxxxx,32'bxxxxxxxxxxxxxxxxxxxxxxxxxxxxxxxx}
'{32'bxxxxxxxxxxxxxxxxxxxxxxxxxxxxxxxx,32'bxxxxxxxxxxxxxxxxxxxxxxxxxxxxxxxx,32'bxxxxxxxxxxxxxxxxxxxxxxxxxxxxxxxx,32'bxxxxxxxxxxxxxxxxxxxxxxxxxxxxxxxx,32'bxxxxxxxxxxxxxxxxxxxxxxxxxxxxxxxx,32'bxxxxxxxxxxxxxxxxxxxxxxxxxxxxxxxx,32'bxxxxxxxxxxxxxxxxxxxxxxxxxxxxxxxx,32'bxxxxxxxxxxxxxxxxxxxxxxxxxxxxxxxx}
'{32'bxxxxxxxxxxxxxxxxxxxxxxxxxxxxxxxx,32'bxxxxxxxxxxxxxxxxxxxxxxxxxxxxxxxx,32'bxxxxxxxxxxxxxxxxxxxxxxxxxxxxxxxx,32'bxxxxxxxxxxxxxxxxxxxxxxxxxxxxxxxx,32'bxxxxxxxxxxxxxxxxxxxxxxxxxxxxxxxx,32'bxxxxxxxxxxxxxxxxxxxxxxxxxxxxxxxx,32'bxxxxxxxxxxxxxxxxxxxxxxxxxxxxxxxx,32'bxxxxxxxxxxxxxxxxxxxxxxxxxxxxxxxx}
'{32'bxxxxxxxxxxxxxxxxxxxxxxxxxxxxxxxx,32'bxxxxxxxxxxxxxxxxxxxxxxxxxxxxxxxx,32'bxxxxxxxxxxxxxxxxxxxxxxxxxxxxxxxx,32'bxxxxxxxxxxxxxxxxxxxxxxxxxxxxxxxx,32'bxxxxxxxxxxxxxxxxxxxxxxxxxxxxxxxx,32'bxxxxxxxxxxxxxxxxxxxxxxxxxxxxxxxx,32'bxxxxxxxxxxxxxxxxxxxxxxxxxxxxxxxx,32'bxxxxxxxxxxxxxxxxxxxxxxxxxxxxxxxx}
'{32'bxxxxxxxxxxxxxxxxxxxxxxxxxxxxxxxx,32'bxxxxxxxxxxxxxxxxxxxxxxxxxxxxxxxx,32'bxxxxxxxxxxxxxxxxxxxxxxxxxxxxxxxx,32'bxxxxxxxxxxxxxxxxxxxxxxxxxxxxxxxx,32'bxxxxxxxxxxxxxxxxxxxxxxxxxxxxxxxx,32'bxxxxxxxxxxxxxxxxxxxxxxxxxxxxxxxx,32'bxxxxxxxxxxxxxxxxxxxxxxxxxxxxxxxx,32'bxxxxxxxxxxxxxxxxxxxxxxxxxxxxxxxx}
'{32'bxxxxxxxxxxxxxxxxxxxxxxxxxxxxxxxx,32'bxxxxxxxxxxxxxxxxxxxxxxxxxxxxxxxx,32'bxxxxxxxxxxxxxxxxxxxxxxxxxxxxxxxx,32'bxxxxxxxxxxxxxxxxxxxxxxxxxxxxxxxx,32'bxxxxxxxxxxxxxxxxxxxxxxxxxxxxxxxx,32'bxxxxxxxxxxxxxxxxxxxxxxxxxxxxxxxx,32'bxxxxxxxxxxxxxxxxxxxxxxxxxxxxxxxx,32'bxxxxxxxxxxxxxxxxxxxxxxxxxxxxxxxx}
'{32'bxxxxxxxxxxxxxxxxxxxxxxxxxxxxxxxx,32'bxxxxxxxxxxxxxxxxxxxxxxxxxxxxxxxx,32'bxxxxxxxxxxxxxxxxxxxxxxxxxxxxxxxx,32'bxxxxxxxxxxxxxxxxxxxxxxxxxxxxxxxx,32'bxxxxxxxxxxxxxxxxxxxxxxxxxxxxxxxx,32'bxxxxxxxxxxxxxxxxxxxxxxxxxxxxxxxx,32'bxxxxxxxxxxxxxxxxxxxxxxxxxxxxxxxx,32'bxxxxxxxxxxxxxxxxxxxxxxxxxxxxxxxx}
'{32'bxxxxxxxxxxxxxxxxxxxxxxxxxxxxxxxx,32'bxxxxxxxxxxxxxxxxxxxxxxxxxxxxxxxx,32'bxxxxxxxxxxxxxxxxxxxxxxxxxxxxxxxx,32'bxxxxxxxxxxxxxxxxxxxxxxxxxxxxxxxx,32'bxxxxxxxxxxxxxxxxxxxxxxxxxxxxxxxx,32'bxxxxxxxxxxxxxxxxxxxxxxxxxxxxxxxx,32'bxxxxxxxxxxxxxxxxxxxxxxxxxxxxxxxx,32'bxxxxxxxxxxxxxxxxxxxxxxxxxxxxxxxx}
'{32'bxxxxxxxxxxxxxxxxxxxxxxxxxxxxxxxx,32'bxxxxxxxxxxxxxxxxxxxxxxxxxxxxxxxx,32'bxxxxxxxxxxxxxxxxxxxxxxxxxxxxxxxx,32'bxxxxxxxxxxxxxxxxxxxxxxxxxxxxxxxx,32'bxxxxxxxxxxxxxxxxxxxxxxxxxxxxxxxx,32'bxxxxxxxxxxxxxxxxxxxxxxxxxxxxxxxx,32'bxxxxxxxxxxxxxxxxxxxxxxxxxxxxxxxx,32'bxxxxxxxxxxxxxxxxxxxxxxxxxxxxxxxx}
'{32'bxxxxxxxxxxxxxxxxxxxxxxxxxxxxxxxx,32'bxxxxxxxxxxxxxxxxxxxxxxxxxxxxxxxx,32'bxxxxxxxxxxxxxxxxxxxxxxxxxxxxxxxx,32'bxxxxxxxxxxxxxxxxxxxxxxxxxxxxxxxx,32'bxxxxxxxxxxxxxxxxxxxxxxxxxxxxxxxx,32'bxxxxxxxxxxxxxxxxxxxxxxxxxxxxxxxx,32'bxxxxxxxxxxxxxxxxxxxxxxxxxxxxxxxx,32'bxxxxxxxxxxxxxxxxxxxxxxxxxxxxxxxx}
'{32'bxxxxxxxxxxxxxxxxxxxxxxxxxxxxxxxx,32'bxxxxxxxxxxxxxxxxxxxxxxxxxxxxxxxx,32'bxxxxxxxxxxxxxxxxxxxxxxxxxxxxxxxx,32'bxxxxxxxxxxxxxxxxxxxxxxxxxxxxxxxx,32'bxxxxxxxxxxxxxxxxxxxxxxxxxxxxxxxx,32'bxxxxxxxxxxxxxxxxxxxxxxxxxxxxxxxx,32'bxxxxxxxxxxxxxxxxxxxxxxxxxxxxxxxx,32'bxxxxxxxxxxxxxxxxxxxxxxxxxxxxxxxx}
'{32'bxxxxxxxxxxxxxxxxxxxxxxxxxxxxxxxx,32'bxxxxxxxxxxxxxxxxxxxxxxxxxxxxxxxx,32'bxxxxxxxxxxxxxxxxxxxxxxxxxxxxxxxx,32'bxxxxxxxxxxxxxxxxxxxxxxxxxxxxxxxx,32'bxxxxxxxxxxxxxxxxxxxxxxxxxxxxxxxx,32'bxxxxxxxxxxxxxxxxxxxxxxxxxxxxxxxx,32'bxxxxxxxxxxxxxxxxxxxxxxxxxxxxxxxx,32'bxxxxxxxxxxxxxxxxxxxxxxxxxxxxxxxx}
'{32'bxxxxxxxxxxxxxxxxxxxxxxxxxxxxxxxx,32'bxxxxxxxxxxxxxxxxxxxxxxxxxxxxxxxx,32'bxxxxxxxxxxxxxxxxxxxxxxxxxxxxxxxx,32'bxxxxxxxxxxxxxxxxxxxxxxxxxxxxxxxx,32'bxxxxxxxxxxxxxxxxxxxxxxxxxxxxxxxx,32'bxxxxxxxxxxxxxxxxxxxxxxxxxxxxxxxx,32'bxxxxxxxxxxxxxxxxxxxxxxxxxxxxxxxx,32'bxxxxxxxxxxxxxxxxxxxxxxxxxxxxxxxx}
'{32'bxxxxxxxxxxxxxxxxxxxxxxxxxxxxxxxx,32'bxxxxxxxxxxxxxxxxxxxxxxxxxxxxxxxx,32'bxxxxxxxxxxxxxxxxxxxxxxxxxxxxxxxx,32'bxxxxxxxxxxxxxxxxxxxxxxxxxxxxxxxx,32'bxxxxxxxxxxxxxxxxxxxxxxxxxxxxxxxx,32'bxxxxxxxxxxxxxxxxxxxxxxxxxxxxxxxx,32'bxxxxxxxxxxxxxxxxxxxxxxxxxxxxxxxx,32'bxxxxxxxxxxxxxxxxxxxxxxxxxxxxxxxx}
'{32'bxxxxxxxxxxxxxxxxxxxxxxxxxxxxxxxx,32'bxxxxxxxxxxxxxxxxxxxxxxxxxxxxxxxx,32'bxxxxxxxxxxxxxxxxxxxxxxxxxxxxxxxx,32'bxxxxxxxxxxxxxxxxxxxxxxxxxxxxxxxx,32'bxxxxxxxxxxxxxxxxxxxxxxxxxxxxxxxx,32'bxxxxxxxxxxxxxxxxxxxxxxxxxxxxxxxx,32'bxxxxxxxxxxxxxxxxxxxxxxxxxxxxxxxx,32'bxxxxxxxxxxxxxxxxxxxxxxxxxxxxxxxx}
'{32'bxxxxxxxxxxxxxxxxxxxxxxxxxxxxxxxx,32'bxxxxxxxxxxxxxxxxxxxxxxxxxxxxxxxx,32'bxxxxxxxxxxxxxxxxxxxxxxxxxxxxxxxx,32'bxxxxxxxxxxxxxxxxxxxxxxxxxxxxxxxx,32'bxxxxxxxxxxxxxxxxxxxxxxxxxxxxxxxx,32'bxxxxxxxxxxxxxxxxxxxxxxxxxxxxxxxx,32'bxxxxxxxxxxxxxxxxxxxxxxxxxxxxxxxx,32'bxxxxxxxxxxxxxxxxxxxxxxxxxxxxxxxx}
'{32'bxxxxxxxxxxxxxxxxxxxxxxxxxxxxxxxx,32'bxxxxxxxxxxxxxxxxxxxxxxxxxxxxxxxx,32'bxxxxxxxxxxxxxxxxxxxxxxxxxxxxxxxx,32'bxxxxxxxxxxxxxxxxxxxxxxxxxxxxxxxx,32'bxxxxxxxxxxxxxxxxxxxxxxxxxxxxxxxx,32'bxxxxxxxxxxxxxxxxxxxxxxxxxxxxxxxx,32'bxxxxxxxxxxxxxxxxxxxxxxxxxxxxxxxx,32'bxxxxxxxxxxxxxxxxxxxxxxxxxxxxxxxx}
'{32'bxxxxxxxxxxxxxxxxxxxxxxxxxxxxxxxx,32'bxxxxxxxxxxxxxxxxxxxxxxxxxxxxxxxx,32'bxxxxxxxxxxxxxxxxxxxxxxxxxxxxxxxx,32'bxxxxxxxxxxxxxxxxxxxxxxxxxxxxxxxx,32'bxxxxxxxxxxxxxxxxxxxxxxxxxxxxxxxx,32'bxxxxxxxxxxxxxxxxxxxxxxxxxxxxxxxx,32'bxxxxxxxxxxxxxxxxxxxxxxxxxxxxxxxx,32'bxxxxxxxxxxxxxxxxxxxxxxxxxxxxxxxx}
'{32'bxxxxxxxxxxxxxxxxxxxxxxxxxxxxxxxx,32'bxxxxxxxxxxxxxxxxxxxxxxxxxxxxxxxx,32'bxxxxxxxxxxxxxxxxxxxxxxxxxxxxxxxx,32'bxxxxxxxxxxxxxxxxxxxxxxxxxxxxxxxx,32'bxxxxxxxxxxxxxxxxxxxxxxxxxxxxxxxx,32'bxxxxxxxxxxxxxxxxxxxxxxxxxxxxxxxx,32'bxxxxxxxxxxxxxxxxxxxxxxxxxxxxxxxx,32'bxxxxxxxxxxxxxxxxxxxxxxxxxxxxxxxx}
'{32'bxxxxxxxxxxxxxxxxxxxxxxxxxxxxxxxx,32'bxxxxxxxxxxxxxxxxxxxxxxxxxxxxxxxx,32'bxxxxxxxxxxxxxxxxxxxxxxxxxxxxxxxx,32'bxxxxxxxxxxxxxxxxxxxxxxxxxxxxxxxx,32'bxxxxxxxxxxxxxxxxxxxxxxxxxxxxxxxx,32'bxxxxxxxxxxxxxxxxxxxxxxxxxxxxxxxx,32'bxxxxxxxxxxxxxxxxxxxxxxxxxxxxxxxx,32'bxxxxxxxxxxxxxxxxxxxxxxxxxxxxxxxx}
'{32'bxxxxxxxxxxxxxxxxxxxxxxxxxxxxxxxx,32'bxxxxxxxxxxxxxxxxxxxxxxxxxxxxxxxx,32'bxxxxxxxxxxxxxxxxxxxxxxxxxxxxxxxx,32'bxxxxxxxxxxxxxxxxxxxxxxxxxxxxxxxx,32'bxxxxxxxxxxxxxxxxxxxxxxxxxxxxxxxx,32'bxxxxxxxxxxxxxxxxxxxxxxxxxxxxxxxx,32'bxxxxxxxxxxxxxxxxxxxxxxxxxxxxxxxx,32'bxxxxxxxxxxxxxxxxxxxxxxxxxxxxxxxx}
'{32'bxxxxxxxxxxxxxxxxxxxxxxxxxxxxxxxx,32'bxxxxxxxxxxxxxxxxxxxxxxxxxxxxxxxx,32'bxxxxxxxxxxxxxxxxxxxxxxxxxxxxxxxx,32'bxxxxxxxxxxxxxxxxxxxxxxxxxxxxxxxx,32'bxxxxxxxxxxxxxxxxxxxxxxxxxxxxxxxx,32'bxxxxxxxxxxxxxxxxxxxxxxxxxxxxxxxx,32'bxxxxxxxxxxxxxxxxxxxxxxxxxxxxxxxx,32'bxxxxxxxxxxxxxxxxxxxxxxxxxxxxxxxx}
'{32'bxxxxxxxxxxxxxxxxxxxxxxxxxxxxxxxx,32'bxxxxxxxxxxxxxxxxxxxxxxxxxxxxxxxx,32'bxxxxxxxxxxxxxxxxxxxxxxxxxxxxxxxx,32'bxxxxxxxxxxxxxxxxxxxxxxxxxxxxxxxx,32'bxxxxxxxxxxxxxxxxxxxxxxxxxxxxxxxx,32'bxxxxxxxxxxxxxxxxxxxxxxxxxxxxxxxx,32'bxxxxxxxxxxxxxxxxxxxxxxxxxxxxxxxx,32'bxxxxxxxxxxxxxxxxxxxxxxxxxxxxxxxx}
'{32'bxxxxxxxxxxxxxxxxxxxxxxxxxxxxxxxx,32'bxxxxxxxxxxxxxxxxxxxxxxxxxxxxxxxx,32'bxxxxxxxxxxxxxxxxxxxxxxxxxxxxxxxx,32'bxxxxxxxxxxxxxxxxxxxxxxxxxxxxxxxx,32'bxxxxxxxxxxxxxxxxxxxxxxxxxxxxxxxx,32'bxxxxxxxxxxxxxxxxxxxxxxxxxxxxxxxx,32'bxxxxxxxxxxxxxxxxxxxxxxxxxxxxxxxx,32'bxxxxxxxxxxxxxxxxxxxxxxxxxxxxxxxx}
'{32'bxxxxxxxxxxxxxxxxxxxxxxxxxxxxxxxx,32'bxxxxxxxxxxxxxxxxxxxxxxxxxxxxxxxx,32'bxxxxxxxxxxxxxxxxxxxxxxxxxxxxxxxx,32'bxxxxxxxxxxxxxxxxxxxxxxxxxxxxxxxx,32'bxxxxxxxxxxxxxxxxxxxxxxxxxxxxxxxx,32'bxxxxxxxxxxxxxxxxxxxxxxxxxxxxxxxx,32'bxxxxxxxxxxxxxxxxxxxxxxxxxxxxxxxx,32'bxxxxxxxxxxxxxxxxxxxxxxxxxxxxxxxx}
'{32'bxxxxxxxxxxxxxxxxxxxxxxxxxxxxxxxx,32'bxxxxxxxxxxxxxxxxxxxxxxxxxxxxxxxx,32'bxxxxxxxxxxxxxxxxxxxxxxxxxxxxxxxx,32'bxxxxxxxxxxxxxxxxxxxxxxxxxxxxxxxx,32'bxxxxxxxxxxxxxxxxxxxxxxxxxxxxxxxx,32'bxxxxxxxxxxxxxxxxxxxxxxxxxxxxxxxx,32'bxxxxxxxxxxxxxxxxxxxxxxxxxxxxxxxx,32'bxxxxxxxxxxxxxxxxxxxxxxxxxxxxxxxx}
'{32'bxxxxxxxxxxxxxxxxxxxxxxxxxxxxxxxx,32'bxxxxxxxxxxxxxxxxxxxxxxxxxxxxxxxx,32'bxxxxxxxxxxxxxxxxxxxxxxxxxxxxxxxx,32'bxxxxxxxxxxxxxxxxxxxxxxxxxxxxxxxx,32'bxxxxxxxxxxxxxxxxxxxxxxxxxxxxxxxx,32'bxxxxxxxxxxxxxxxxxxxxxxxxxxxxxxxx,32'bxxxxxxxxxxxxxxxxxxxxxxxxxxxxxxxx,32'bxxxxxxxxxxxxxxxxxxxxxxxxxxxxxxxx}
'{32'bxxxxxxxxxxxxxxxxxxxxxxxxxxxxxxxx,32'bxxxxxxxxxxxxxxxxxxxxxxxxxxxxxxxx,32'bxxxxxxxxxxxxxxxxxxxxxxxxxxxxxxxx,32'bxxxxxxxxxxxxxxxxxxxxxxxxxxxxxxxx,32'bxxxxxxxxxxxxxxxxxxxxxxxxxxxxxxxx,32'bxxxxxxxxxxxxxxxxxxxxxxxxxxxxxxxx,32'bxxxxxxxxxxxxxxxxxxxxxxxxxxxxxxxx,32'bxxxxxxxxxxxxxxxxxxxxxxxxxxxxxxxx}
'{32'bxxxxxxxxxxxxxxxxxxxxxxxxxxxxxxxx,32'bxxxxxxxxxxxxxxxxxxxxxxxxxxxxxxxx,32'bxxxxxxxxxxxxxxxxxxxxxxxxxxxxxxxx,32'bxxxxxxxxxxxxxxxxxxxxxxxxxxxxxxxx,32'bxxxxxxxxxxxxxxxxxxxxxxxxxxxxxxxx,32'bxxxxxxxxxxxxxxxxxxxxxxxxxxxxxxxx,32'bxxxxxxxxxxxxxxxxxxxxxxxxxxxxxxxx,32'bxxxxxxxxxxxxxxxxxxxxxxxxxxxxxxxx}
'{32'bxxxxxxxxxxxxxxxxxxxxxxxxxxxxxxxx,32'bxxxxxxxxxxxxxxxxxxxxxxxxxxxxxxxx,32'bxxxxxxxxxxxxxxxxxxxxxxxxxxxxxxxx,32'bxxxxxxxxxxxxxxxxxxxxxxxxxxxxxxxx,32'bxxxxxxxxxxxxxxxxxxxxxxxxxxxxxxxx,32'bxxxxxxxxxxxxxxxxxxxxxxxxxxxxxxxx,32'bxxxxxxxxxxxxxxxxxxxxxxxxxxxxxxxx,32'bxxxxxxxxxxxxxxxxxxxxxxxxxxxxxxxx}
'{32'bxxxxxxxxxxxxxxxxxxxxxxxxxxxxxxxx,32'bxxxxxxxxxxxxxxxxxxxxxxxxxxxxxxxx,32'bxxxxxxxxxxxxxxxxxxxxxxxxxxxxxxxx,32'bxxxxxxxxxxxxxxxxxxxxxxxxxxxxxxxx,32'bxxxxxxxxxxxxxxxxxxxxxxxxxxxxxxxx,32'bxxxxxxxxxxxxxxxxxxxxxxxxxxxxxxxx,32'bxxxxxxxxxxxxxxxxxxxxxxxxxxxxxxxx,32'bxxxxxxxxxxxxxxxxxxxxxxxxxxxxxxxx}
'{32'bxxxxxxxxxxxxxxxxxxxxxxxxxxxxxxxx,32'bxxxxxxxxxxxxxxxxxxxxxxxxxxxxxxxx,32'bxxxxxxxxxxxxxxxxxxxxxxxxxxxxxxxx,32'bxxxxxxxxxxxxxxxxxxxxxxxxxxxxxxxx,32'bxxxxxxxxxxxxxxxxxxxxxxxxxxxxxxxx,32'bxxxxxxxxxxxxxxxxxxxxxxxxxxxxxxxx,32'bxxxxxxxxxxxxxxxxxxxxxxxxxxxxxxxx,32'bxxxxxxxxxxxxxxxxxxxxxxxxxxxxxxxx}
'{32'bxxxxxxxxxxxxxxxxxxxxxxxxxxxxxxxx,32'bxxxxxxxxxxxxxxxxxxxxxxxxxxxxxxxx,32'bxxxxxxxxxxxxxxxxxxxxxxxxxxxxxxxx,32'bxxxxxxxxxxxxxxxxxxxxxxxxxxxxxxxx,32'bxxxxxxxxxxxxxxxxxxxxxxxxxxxxxxxx,32'bxxxxxxxxxxxxxxxxxxxxxxxxxxxxxxxx,32'bxxxxxxxxxxxxxxxxxxxxxxxxxxxxxxxx,32'bxxxxxxxxxxxxxxxxxxxxxxxxxxxxxxxx}
'{32'bxxxxxxxxxxxxxxxxxxxxxxxxxxxxxxxx,32'bxxxxxxxxxxxxxxxxxxxxxxxxxxxxxxxx,32'bxxxxxxxxxxxxxxxxxxxxxxxxxxxxxxxx,32'bxxxxxxxxxxxxxxxxxxxxxxxxxxxxxxxx,32'bxxxxxxxxxxxxxxxxxxxxxxxxxxxxxxxx,32'bxxxxxxxxxxxxxxxxxxxxxxxxxxxxxxxx,32'bxxxxxxxxxxxxxxxxxxxxxxxxxxxxxxxx,32'bxxxxxxxxxxxxxxxxxxxxxxxxxxxxxxxx}
'{32'bxxxxxxxxxxxxxxxxxxxxxxxxxxxxxxxx,32'bxxxxxxxxxxxxxxxxxxxxxxxxxxxxxxxx,32'bxxxxxxxxxxxxxxxxxxxxxxxxxxxxxxxx,32'bxxxxxxxxxxxxxxxxxxxxxxxxxxxxxxxx,32'bxxxxxxxxxxxxxxxxxxxxxxxxxxxxxxxx,32'bxxxxxxxxxxxxxxxxxxxxxxxxxxxxxxxx,32'bxxxxxxxxxxxxxxxxxxxxxxxxxxxxxxxx,32'bxxxxxxxxxxxxxxxxxxxxxxxxxxxxxxxx}
'{32'bxxxxxxxxxxxxxxxxxxxxxxxxxxxxxxxx,32'bxxxxxxxxxxxxxxxxxxxxxxxxxxxxxxxx,32'bxxxxxxxxxxxxxxxxxxxxxxxxxxxxxxxx,32'bxxxxxxxxxxxxxxxxxxxxxxxxxxxxxxxx,32'bxxxxxxxxxxxxxxxxxxxxxxxxxxxxxxxx,32'bxxxxxxxxxxxxxxxxxxxxxxxxxxxxxxxx,32'bxxxxxxxxxxxxxxxxxxxxxxxxxxxxxxxx,32'bxxxxxxxxxxxxxxxxxxxxxxxxxxxxxxxx}
'{32'bxxxxxxxxxxxxxxxxxxxxxxxxxxxxxxxx,32'bxxxxxxxxxxxxxxxxxxxxxxxxxxxxxxxx,32'bxxxxxxxxxxxxxxxxxxxxxxxxxxxxxxxx,32'bxxxxxxxxxxxxxxxxxxxxxxxxxxxxxxxx,32'bxxxxxxxxxxxxxxxxxxxxxxxxxxxxxxxx,32'bxxxxxxxxxxxxxxxxxxxxxxxxxxxxxxxx,32'bxxxxxxxxxxxxxxxxxxxxxxxxxxxxxxxx,32'bxxxxxxxxxxxxxxxxxxxxxxxxxxxxxxxx}
'{32'bxxxxxxxxxxxxxxxxxxxxxxxxxxxxxxxx,32'bxxxxxxxxxxxxxxxxxxxxxxxxxxxxxxxx,32'bxxxxxxxxxxxxxxxxxxxxxxxxxxxxxxxx,32'bxxxxxxxxxxxxxxxxxxxxxxxxxxxxxxxx,32'bxxxxxxxxxxxxxxxxxxxxxxxxxxxxxxxx,32'bxxxxxxxxxxxxxxxxxxxxxxxxxxxxxxxx,32'bxxxxxxxxxxxxxxxxxxxxxxxxxxxxxxxx,32'bxxxxxxxxxxxxxxxxxxxxxxxxxxxxxxxx}
'{32'bxxxxxxxxxxxxxxxxxxxxxxxxxxxxxxxx,32'bxxxxxxxxxxxxxxxxxxxxxxxxxxxxxxxx,32'bxxxxxxxxxxxxxxxxxxxxxxxxxxxxxxxx,32'bxxxxxxxxxxxxxxxxxxxxxxxxxxxxxxxx,32'bxxxxxxxxxxxxxxxxxxxxxxxxxxxxxxxx,32'bxxxxxxxxxxxxxxxxxxxxxxxxxxxxxxxx,32'bxxxxxxxxxxxxxxxxxxxxxxxxxxxxxxxx,32'bxxxxxxxxxxxxxxxxxxxxxxxxxxxxxxxx}
'{32'bxxxxxxxxxxxxxxxxxxxxxxxxxxxxxxxx,32'bxxxxxxxxxxxxxxxxxxxxxxxxxxxxxxxx,32'bxxxxxxxxxxxxxxxxxxxxxxxxxxxxxxxx,32'bxxxxxxxxxxxxxxxxxxxxxxxxxxxxxxxx,32'bxxxxxxxxxxxxxxxxxxxxxxxxxxxxxxxx,32'bxxxxxxxxxxxxxxxxxxxxxxxxxxxxxxxx,32'bxxxxxxxxxxxxxxxxxxxxxxxxxxxxxxxx,32'bxxxxxxxxxxxxxxxxxxxxxxxxxxxxxxxx}
'{32'bxxxxxxxxxxxxxxxxxxxxxxxxxxxxxxxx,32'bxxxxxxxxxxxxxxxxxxxxxxxxxxxxxxxx,32'bxxxxxxxxxxxxxxxxxxxxxxxxxxxxxxxx,32'bxxxxxxxxxxxxxxxxxxxxxxxxxxxxxxxx,32'bxxxxxxxxxxxxxxxxxxxxxxxxxxxxxxxx,32'bxxxxxxxxxxxxxxxxxxxxxxxxxxxxxxxx,32'bxxxxxxxxxxxxxxxxxxxxxxxxxxxxxxxx,32'bxxxxxxxxxxxxxxxxxxxxxxxxxxxxxxxx}
'{32'bxxxxxxxxxxxxxxxxxxxxxxxxxxxxxxxx,32'bxxxxxxxxxxxxxxxxxxxxxxxxxxxxxxxx,32'bxxxxxxxxxxxxxxxxxxxxxxxxxxxxxxxx,32'bxxxxxxxxxxxxxxxxxxxxxxxxxxxxxxxx,32'bxxxxxxxxxxxxxxxxxxxxxxxxxxxxxxxx,32'bxxxxxxxxxxxxxxxxxxxxxxxxxxxxxxxx,32'bxxxxxxxxxxxxxxxxxxxxxxxxxxxxxxxx,32'bxxxxxxxxxxxxxxxxxxxxxxxxxxxxxxxx}
'{32'bxxxxxxxxxxxxxxxxxxxxxxxxxxxxxxxx,32'bxxxxxxxxxxxxxxxxxxxxxxxxxxxxxxxx,32'bxxxxxxxxxxxxxxxxxxxxxxxxxxxxxxxx,32'bxxxxxxxxxxxxxxxxxxxxxxxxxxxxxxxx,32'bxxxxxxxxxxxxxxxxxxxxxxxxxxxxxxxx,32'bxxxxxxxxxxxxxxxxxxxxxxxxxxxxxxxx,32'bxxxxxxxxxxxxxxxxxxxxxxxxxxxxxxxx,32'bxxxxxxxxxxxxxxxxxxxxxxxxxxxxxxxx}
$stop called at time : 176 ns : File "/home/y/project/array2/array2.srcs/sim_1/imports/new/test_dct2.sv" Line 126
